<?xml version="1.0" encoding="UTF-8"?>
<!-- Generated by org.testng.reporters.JUnitXMLReporter -->
<testsuite ignored="18" hostname="IN-580D5S3" failures="17" tests="26" name="Surefire test" time="0.154" errors="0" timestamp="2024-06-16T20:48:07 IST">
  <testcase classname="utils.BaseTest" name="@BeforeClass setUp" time="0.0">
    <skipped/>
  </testcase> <!-- @BeforeClass setUp -->
  <testcase classname="utils.BaseTest" name="@AfterMethod afterMethod" time="0.0">
    <skipped/>
  </testcase> <!-- @AfterMethod afterMethod -->
  <testcase classname="utils.BaseTest" name="@AfterClass tearDown" time="0.0">
    <skipped/>
  </testcase> <!-- @AfterClass tearDown -->
  <testcase classname="utils.BaseTest" name="@AfterMethod afterMethod" time="0.0">
    <failure type="java.lang.NullPointerException">
      <![CDATA[java.lang.NullPointerException
at utils.ExtentReportManager.captureScreenshot(ExtentReportManager.java:48)
at utils.BaseTest.afterMethod(BaseTest.java:78)
at java.base/java.util.ArrayList.forEach(ArrayList.java:1540)
... Removed 37 stack frames]]>
    </failure>
  </testcase> <!-- @AfterMethod afterMethod -->
  <testcase classname="utils.BaseTest" name="@AfterClass tearDown" time="0.0">
    <skipped/>
  </testcase> <!-- @AfterClass tearDown -->
  <testcase classname="utils.BaseTest" name="@AfterMethod afterMethod" time="0.0">
    <failure type="java.lang.NullPointerException">
      <![CDATA[java.lang.NullPointerException
at utils.ExtentReportManager.captureScreenshot(ExtentReportManager.java:48)
at utils.BaseTest.afterMethod(BaseTest.java:78)
at java.base/java.util.ArrayList.forEach(ArrayList.java:1540)
... Removed 37 stack frames]]>
    </failure>
  </testcase> <!-- @AfterMethod afterMethod -->
  <testcase classname="utils.BaseTest" name="@AfterClass tearDown" time="0.0">
    <skipped/>
  </testcase> <!-- @AfterClass tearDown -->
  <testcase classname="utils.BaseTest" name="@AfterMethod afterMethod" time="0.0">
    <failure type="java.lang.NullPointerException">
      <![CDATA[java.lang.NullPointerException
at utils.ExtentReportManager.captureScreenshot(ExtentReportManager.java:48)
at utils.BaseTest.afterMethod(BaseTest.java:78)
at java.base/java.util.ArrayList.forEach(ArrayList.java:1540)
... Removed 37 stack frames]]>
    </failure>
  </testcase> <!-- @AfterMethod afterMethod -->
  <testcase classname="utils.BaseTest" name="@AfterMethod afterMethod" time="0.0">
    <skipped/>
  </testcase> <!-- @AfterMethod afterMethod -->
  <testcase classname="utils.BaseTest" name="@AfterMethod afterMethod" time="0.0">
    <skipped/>
  </testcase> <!-- @AfterMethod afterMethod -->
  <testcase classname="utils.BaseTest" name="@AfterClass tearDown" time="0.0">
    <skipped/>
  </testcase> <!-- @AfterClass tearDown -->
  <testcase classname="utils.BaseTest" name="@AfterMethod afterMethod" time="0.0">
    <failure type="java.lang.NullPointerException">
      <![CDATA[java.lang.NullPointerException
at utils.ExtentReportManager.captureScreenshot(ExtentReportManager.java:48)
at utils.BaseTest.afterMethod(BaseTest.java:78)
at java.base/java.util.ArrayList.forEach(ArrayList.java:1540)
... Removed 37 stack frames]]>
    </failure>
  </testcase> <!-- @AfterMethod afterMethod -->
  <testcase classname="utils.BaseTest" name="@AfterClass tearDown" time="0.0">
    <skipped/>
  </testcase> <!-- @AfterClass tearDown -->
  <testcase classname="utils.BaseTest" name="@AfterMethod afterMethod" time="0.0">
    <failure type="java.lang.NullPointerException">
      <![CDATA[java.lang.NullPointerException
at utils.ExtentReportManager.captureScreenshot(ExtentReportManager.java:48)
at utils.BaseTest.afterMethod(BaseTest.java:78)
at java.base/java.util.ArrayList.forEach(ArrayList.java:1540)
... Removed 37 stack frames]]>
    </failure>
  </testcase> <!-- @AfterMethod afterMethod -->
  <testcase classname="utils.BaseTest" name="@AfterMethod afterMethod" time="0.0">
    <skipped/>
  </testcase> <!-- @AfterMethod afterMethod -->
  <testcase classname="utils.BaseTest" name="@AfterMethod afterMethod" time="0.0">
    <skipped/>
  </testcase> <!-- @AfterMethod afterMethod -->
  <testcase classname="utils.BaseTest" name="@AfterMethod afterMethod" time="0.0">
    <skipped/>
  </testcase> <!-- @AfterMethod afterMethod -->
  <testcase classname="utils.BaseTest" name="@AfterClass tearDown" time="0.0">
    <skipped/>
  </testcase> <!-- @AfterClass tearDown -->
  <testcase classname="utils.BaseTest" name="@AfterMethod afterMethod" time="0.0">
    <failure type="java.lang.NullPointerException">
      <![CDATA[java.lang.NullPointerException
at utils.ExtentReportManager.captureScreenshot(ExtentReportManager.java:48)
at utils.BaseTest.afterMethod(BaseTest.java:78)
at java.base/java.util.ArrayList.forEach(ArrayList.java:1540)
... Removed 37 stack frames]]>
    </failure>
  </testcase> <!-- @AfterMethod afterMethod -->
  <testcase classname="utils.BaseTest" name="@AfterMethod afterMethod" time="0.0">
    <skipped/>
  </testcase> <!-- @AfterMethod afterMethod -->
  <testcase classname="utils.BaseTest" name="@AfterClass tearDown" time="0.0">
    <skipped/>
  </testcase> <!-- @AfterClass tearDown -->
  <testcase classname="utils.BaseTest" name="@AfterMethod afterMethod" time="0.0">
    <failure type="java.lang.NullPointerException">
      <![CDATA[java.lang.NullPointerException
at utils.ExtentReportManager.captureScreenshot(ExtentReportManager.java:48)
at utils.BaseTest.afterMethod(BaseTest.java:78)
at java.base/java.util.ArrayList.forEach(ArrayList.java:1540)
... Removed 37 stack frames]]>
    </failure>
  </testcase> <!-- @AfterMethod afterMethod -->
  <testcase classname="utils.BaseTest" name="@AfterMethod afterMethod" time="0.0">
    <skipped/>
  </testcase> <!-- @AfterMethod afterMethod -->
  <testcase classname="utils.BaseTest" name="@AfterClass tearDown" time="0.0">
    <skipped/>
  </testcase> <!-- @AfterClass tearDown -->
  <testcase classname="utils.BaseTest" name="@AfterMethod afterMethod" time="0.0">
    <failure type="java.lang.NullPointerException">
      <![CDATA[java.lang.NullPointerException
at utils.ExtentReportManager.captureScreenshot(ExtentReportManager.java:48)
at utils.BaseTest.afterMethod(BaseTest.java:78)
at java.base/java.util.ArrayList.forEach(ArrayList.java:1540)
... Removed 37 stack frames]]>
    </failure>
  </testcase> <!-- @AfterMethod afterMethod -->
  <testcase classname="utils.BaseTest" name="@AfterMethod afterMethod" time="0.0">
    <skipped/>
  </testcase> <!-- @AfterMethod afterMethod -->
  <testcase classname="utils.BaseTest" name="@AfterClass tearDown" time="0.0">
    <skipped/>
  </testcase> <!-- @AfterClass tearDown -->
  <testcase classname="utils.BaseTest" name="@AfterMethod afterMethod" time="0.0">
    <failure type="java.lang.NullPointerException">
      <![CDATA[java.lang.NullPointerException
at utils.ExtentReportManager.captureScreenshot(ExtentReportManager.java:48)
at utils.BaseTest.afterMethod(BaseTest.java:78)
at java.base/java.util.ArrayList.forEach(ArrayList.java:1540)
... Removed 37 stack frames]]>
    </failure>
  </testcase> <!-- @AfterMethod afterMethod -->
  <testcase classname="utils.BaseTest" name="@AfterClass tearDown" time="0.0">
    <skipped/>
  </testcase> <!-- @AfterClass tearDown -->
  <testcase classname="utils.BaseTest" name="@AfterMethod afterMethod" time="0.0">
    <failure type="java.lang.NullPointerException">
      <![CDATA[java.lang.NullPointerException
at utils.ExtentReportManager.captureScreenshot(ExtentReportManager.java:48)
at utils.BaseTest.afterMethod(BaseTest.java:78)
at java.base/java.util.ArrayList.forEach(ArrayList.java:1540)
... Removed 37 stack frames]]>
    </failure>
  </testcase> <!-- @AfterMethod afterMethod -->
  <testcase classname="utils.BaseTest" name="@AfterClass tearDown" time="0.0">
    <skipped/>
  </testcase> <!-- @AfterClass tearDown -->
  <testcase classname="utils.BaseTest" name="@AfterMethod afterMethod" time="0.0">
    <failure type="java.lang.NullPointerException">
      <![CDATA[java.lang.NullPointerException
at utils.ExtentReportManager.captureScreenshot(ExtentReportManager.java:48)
at utils.BaseTest.afterMethod(BaseTest.java:78)
at java.base/java.util.ArrayList.forEach(ArrayList.java:1540)
... Removed 37 stack frames]]>
    </failure>
  </testcase> <!-- @AfterMethod afterMethod -->
  <testcase classname="utils.BaseTest" name="@AfterClass tearDown" time="0.0">
    <skipped/>
  </testcase> <!-- @AfterClass tearDown -->
  <testcase classname="utils.BaseTest" name="@AfterMethod afterMethod" time="0.0">
    <failure type="java.lang.NullPointerException">
      <![CDATA[java.lang.NullPointerException
at utils.ExtentReportManager.captureScreenshot(ExtentReportManager.java:48)
at utils.BaseTest.afterMethod(BaseTest.java:78)
at java.base/java.util.ArrayList.forEach(ArrayList.java:1540)
... Removed 37 stack frames]]>
    </failure>
  </testcase> <!-- @AfterMethod afterMethod -->
  <testcase classname="utils.BaseTest" name="@AfterClass tearDown" time="0.0">
    <skipped/>
  </testcase> <!-- @AfterClass tearDown -->
  <testcase classname="utils.BaseTest" name="@AfterMethod afterMethod" time="0.0">
    <failure type="java.lang.NullPointerException">
      <![CDATA[java.lang.NullPointerException
at utils.ExtentReportManager.captureScreenshot(ExtentReportManager.java:48)
at utils.BaseTest.afterMethod(BaseTest.java:78)
at java.base/java.util.ArrayList.forEach(ArrayList.java:1540)
... Removed 37 stack frames]]>
    </failure>
  </testcase> <!-- @AfterMethod afterMethod -->
  <testcase classname="utils.BaseTest" name="@AfterClass tearDown" time="0.0">
    <skipped/>
  </testcase> <!-- @AfterClass tearDown -->
  <testcase classname="utils.BaseTest" name="@AfterMethod afterMethod" time="0.0">
    <failure type="java.lang.NullPointerException">
      <![CDATA[java.lang.NullPointerException
at utils.ExtentReportManager.captureScreenshot(ExtentReportManager.java:48)
at utils.BaseTest.afterMethod(BaseTest.java:78)
at java.base/java.util.ArrayList.forEach(ArrayList.java:1540)
... Removed 37 stack frames]]>
    </failure>
  </testcase> <!-- @AfterMethod afterMethod -->
  <testcase classname="utils.BaseTest" name="@AfterClass tearDown" time="0.0">
    <skipped/>
  </testcase> <!-- @AfterClass tearDown -->
  <testcase classname="utils.BaseTest" name="@AfterMethod afterMethod" time="0.001">
    <failure type="java.lang.NullPointerException">
      <![CDATA[java.lang.NullPointerException
at utils.ExtentReportManager.captureScreenshot(ExtentReportManager.java:48)
at utils.BaseTest.afterMethod(BaseTest.java:78)
at java.base/java.util.ArrayList.forEach(ArrayList.java:1540)
... Removed 37 stack frames]]>
    </failure>
  </testcase> <!-- @AfterMethod afterMethod -->
  <testcase classname="utils.BaseTest" name="@AfterClass tearDown" time="0.0">
    <skipped/>
  </testcase> <!-- @AfterClass tearDown -->
  <testcase classname="utils.BaseTest" name="@AfterMethod afterMethod" time="0.0">
    <failure type="java.lang.NullPointerException">
      <![CDATA[java.lang.NullPointerException
at utils.ExtentReportManager.captureScreenshot(ExtentReportManager.java:48)
at utils.BaseTest.afterMethod(BaseTest.java:78)
at java.base/java.util.ArrayList.forEach(ArrayList.java:1540)
... Removed 37 stack frames]]>
    </failure>
  </testcase> <!-- @AfterMethod afterMethod -->
  <testcase classname="utils.BaseTest" name="@AfterClass tearDown" time="0.0">
    <skipped/>
  </testcase> <!-- @AfterClass tearDown -->
  <testcase classname="utils.BaseTest" name="@AfterMethod afterMethod" time="0.0">
    <failure type="java.lang.NullPointerException">
      <![CDATA[java.lang.NullPointerException
at utils.ExtentReportManager.captureScreenshot(ExtentReportManager.java:48)
at utils.BaseTest.afterMethod(BaseTest.java:78)
at java.base/java.util.ArrayList.forEach(ArrayList.java:1540)
... Removed 36 stack frames]]>
    </failure>
  </testcase> <!-- @AfterMethod afterMethod -->
  <testcase classname="utils.BaseTest" name="@AfterClass tearDown" time="0.0">
    <skipped/>
  </testcase> <!-- @AfterClass tearDown -->
  <testcase classname="tests.TestCase10_VerifyRequiredFieldAndSellerDashboardTitleIsVisible" name="verifyTitleAndFieldsAreVisible" time="0.0">
    <skipped/>
  </testcase> <!-- verifyTitleAndFieldsAreVisible -->
  <testcase classname="tests.TestCase11_SearchProduct" name="SearchProductAndVerifyProductIsSorted" time="0.0">
    <failure type="java.lang.NullPointerException">
      <![CDATA[java.lang.NullPointerException
at tests.TestCase1_HomePageVisible.verifyHomePageIsVisibleSuccessfully(TestCase1_HomePageVisible.java:15)
at tests.TestCase11_SearchProduct.SearchProductAndVerifyProductIsSorted(TestCase11_SearchProduct.java:15)
at java.base/java.util.ArrayList.forEach(ArrayList.java:1540)
... Removed 32 stack frames]]>
    </failure>
  </testcase> <!-- SearchProductAndVerifyProductIsSorted -->
  <testcase classname="tests.TestCase12_VerifyTermsAndConditionPageTitle" name="verifyTermsAndConditionPageTitle" time="0.0">
    <failure type="java.lang.NullPointerException">
      <![CDATA[java.lang.NullPointerException
at tests.TestCase1_HomePageVisible.verifyHomePageIsVisibleSuccessfully(TestCase1_HomePageVisible.java:15)
at tests.TestCase12_VerifyTermsAndConditionPageTitle.verifyTermsAndConditionPageTitle(TestCase12_VerifyTermsAndConditionPageTitle.java:16)
at java.base/java.util.ArrayList.forEach(ArrayList.java:1540)
... Removed 32 stack frames]]>
    </failure>
  </testcase> <!-- verifyTermsAndConditionPageTitle -->
  <testcase classname="tests.TestCase13_VerifyMobilePhonePageProductDetails" name="verifyHomePageIsVisibleSuccessfully" time="0.0">
    <failure type="java.lang.NullPointerException">
      <![CDATA[java.lang.NullPointerException
at tests.TestCase13_VerifyMobilePhonePageProductDetails.verifyHomePageIsVisibleSuccessfully(TestCase13_VerifyMobilePhonePageProductDetails.java:17)
at java.base/java.util.ArrayList.forEach(ArrayList.java:1540)
... Removed 32 stack frames]]>
    </failure>
  </testcase> <!-- verifyHomePageIsVisibleSuccessfully -->
  <testcase classname="tests.TestCase13_VerifyMobilePhonePageProductDetails" name="verifyMobilePhonePageIsVisibleSuccessfully" time="0.0">
    <skipped/>
  </testcase> <!-- verifyMobilePhonePageIsVisibleSuccessfully -->
  <testcase classname="tests.TestCase13_VerifyMobilePhonePageProductDetails" name="verifyProductDetailsIsDisplayed" time="0.0">
    <skipped/>
  </testcase> <!-- verifyProductDetailsIsDisplayed -->
  <testcase classname="tests.TestCase14_VerifyAppliancePageIsVisible" name="verifyAppliancesPageIsVisible" time="0.0">
    <failure type="java.lang.NullPointerException">
      <![CDATA[java.lang.NullPointerException
at tests.TestCase1_HomePageVisible.verifyHomePageIsVisibleSuccessfully(TestCase1_HomePageVisible.java:15)
at tests.TestCase14_VerifyAppliancePageIsVisible.verifyAppliancesPageIsVisible(TestCase14_VerifyAppliancePageIsVisible.java:14)
at java.base/java.util.ArrayList.forEach(ArrayList.java:1540)
... Removed 32 stack frames]]>
    </failure>
  </testcase> <!-- verifyAppliancesPageIsVisible -->
  <testcase classname="tests.TestCase15_SearchGroceryItemInGroceryPage" name="verifyHomePageIsVisibleSuccessfully" time="0.0">
    <failure type="java.lang.NullPointerException">
      <![CDATA[java.lang.NullPointerException
at tests.TestCase15_SearchGroceryItemInGroceryPage.verifyHomePageIsVisibleSuccessfully(TestCase15_SearchGroceryItemInGroceryPage.java:17)
at java.base/java.util.ArrayList.forEach(ArrayList.java:1540)
... Removed 32 stack frames]]>
    </failure>
  </testcase> <!-- verifyHomePageIsVisibleSuccessfully -->
  <testcase classname="tests.TestCase15_SearchGroceryItemInGroceryPage" name="verifyGroceryPageIsVisibleSuccessfully" time="0.0">
    <skipped/>
  </testcase> <!-- verifyGroceryPageIsVisibleSuccessfully -->
  <testcase classname="tests.TestCase15_SearchGroceryItemInGroceryPage" name="enterPincode" time="0.0">
    <skipped/>
  </testcase> <!-- enterPincode -->
  <testcase classname="tests.TestCase15_SearchGroceryItemInGroceryPage" name="searchForProduct" time="0.0">
    <skipped/>
  </testcase> <!-- searchForProduct -->
  <testcase classname="tests.TestCase16_SortProductByPriceLowToHigh" name="verifyHomePageIsVisibleSuccessfully" time="0.0">
    <failure type="java.lang.NullPointerException">
      <![CDATA[java.lang.NullPointerException
at tests.TestCase16_SortProductByPriceLowToHigh.verifyHomePageIsVisibleSuccessfully(TestCase16_SortProductByPriceLowToHigh.java:20)
at java.base/java.util.ArrayList.forEach(ArrayList.java:1540)
... Removed 32 stack frames]]>
    </failure>
  </testcase> <!-- verifyHomePageIsVisibleSuccessfully -->
  <testcase classname="tests.TestCase16_SortProductByPriceLowToHigh" name="searchForProduct" time="0.0">
    <skipped/>
  </testcase> <!-- searchForProduct -->
  <testcase classname="tests.TestCase17_VerifyCartPage" name="verifyHomePageIsVisibleSuccessfully" time="0.0">
    <failure type="java.lang.NullPointerException">
      <![CDATA[java.lang.NullPointerException
at tests.TestCase17_VerifyCartPage.verifyHomePageIsVisibleSuccessfully(TestCase17_VerifyCartPage.java:16)
at java.base/java.util.ArrayList.forEach(ArrayList.java:1540)
... Removed 32 stack frames]]>
    </failure>
  </testcase> <!-- verifyHomePageIsVisibleSuccessfully -->
  <testcase classname="tests.TestCase17_VerifyCartPage" name="verifyCartPageIsVisible" time="0.0">
    <skipped/>
  </testcase> <!-- verifyCartPageIsVisible -->
  <testcase classname="tests.TestCase18_ProductWishlistRequiresLogin" name="verifyHomePageIsVisible" time="0.0">
    <failure type="java.lang.NullPointerException">
      <![CDATA[java.lang.NullPointerException
at tests.TestCase18_ProductWishlistRequiresLogin.verifyHomePageIsVisible(TestCase18_ProductWishlistRequiresLogin.java:16)
at java.base/java.util.ArrayList.forEach(ArrayList.java:1540)
... Removed 32 stack frames]]>
    </failure>
  </testcase> <!-- verifyHomePageIsVisible -->
  <testcase classname="tests.TestCase18_ProductWishlistRequiresLogin" name="searchForProduct" time="0.0">
    <skipped/>
  </testcase> <!-- searchForProduct -->
  <testcase classname="tests.TestCase1_HomePageVisible" name="verifyHomePageIsVisibleSuccessfully" time="0.0">
    <failure type="java.lang.NullPointerException">
      <![CDATA[java.lang.NullPointerException
at tests.TestCase1_HomePageVisible.verifyHomePageIsVisibleSuccessfully(TestCase1_HomePageVisible.java:15)
at java.base/java.util.ArrayList.forEach(ArrayList.java:1540)
... Removed 32 stack frames]]>
    </failure>
  </testcase> <!-- verifyHomePageIsVisibleSuccessfully -->
  <testcase classname="tests.TestCase2_VerifyHomePageTitle" name="verifyHomePageTitle" time="0.0">
    <failure type="java.lang.NullPointerException">
      <![CDATA[java.lang.NullPointerException
at tests.TestCase1_HomePageVisible.verifyHomePageIsVisibleSuccessfully(TestCase1_HomePageVisible.java:15)
at tests.TestCase2_VerifyHomePageTitle.verifyHomePageTitle(TestCase2_VerifyHomePageTitle.java:17)
at java.base/java.util.ArrayList.forEach(ArrayList.java:1540)
... Removed 32 stack frames]]>
    </failure>
  </testcase> <!-- verifyHomePageTitle -->
  <testcase classname="tests.TestCase3_TravelsPageVisible" name="verifyTravelsPageIsVisibleSuccessfully" time="0.0">
    <failure type="java.lang.NullPointerException">
      <![CDATA[java.lang.NullPointerException
at tests.TestCase1_HomePageVisible.verifyHomePageIsVisibleSuccessfully(TestCase1_HomePageVisible.java:15)
at tests.TestCase3_TravelsPageVisible.verifyTravelsPageIsVisibleSuccessfully(TestCase3_TravelsPageVisible.java:14)
at java.base/java.util.ArrayList.forEach(ArrayList.java:1540)
... Removed 32 stack frames]]>
    </failure>
  </testcase> <!-- verifyTravelsPageIsVisibleSuccessfully -->
  <testcase classname="tests.TestCase4_SearchOneWayFlight" name="verifySearchFlightIsVisible" time="0.0">
    <failure type="java.lang.NullPointerException">
      <![CDATA[java.lang.NullPointerException
at tests.TestCase1_HomePageVisible.verifyHomePageIsVisibleSuccessfully(TestCase1_HomePageVisible.java:15)
at tests.TestCase4_SearchOneWayFlight.verifySearchFlightIsVisible(TestCase4_SearchOneWayFlight.java:15)
at java.base/java.util.ArrayList.forEach(ArrayList.java:1540)
... Removed 32 stack frames]]>
    </failure>
  </testcase> <!-- verifySearchFlightIsVisible -->
  <testcase classname="tests.TestCase5_SearchRoundTripFlight" name="verifySearchFlightIsVisible" time="0.0">
    <failure type="java.lang.NullPointerException">
      <![CDATA[java.lang.NullPointerException
at tests.TestCase1_HomePageVisible.verifyHomePageIsVisibleSuccessfully(TestCase1_HomePageVisible.java:15)
at tests.TestCase5_SearchRoundTripFlight.verifySearchFlightIsVisible(TestCase5_SearchRoundTripFlight.java:15)
at java.base/java.util.ArrayList.forEach(ArrayList.java:1540)
... Removed 32 stack frames]]>
    </failure>
  </testcase> <!-- verifySearchFlightIsVisible -->
  <testcase classname="tests.TestCase6_BookOneWayFlight" name="verifyThatBookFlightRequiresLogin" time="0.0">
    <failure type="java.lang.NullPointerException">
      <![CDATA[java.lang.NullPointerException
at tests.TestCase1_HomePageVisible.verifyHomePageIsVisibleSuccessfully(TestCase1_HomePageVisible.java:15)
at tests.TestCase4_SearchOneWayFlight.verifySearchFlightIsVisible(TestCase4_SearchOneWayFlight.java:15)
at tests.TestCase6_BookOneWayFlight.verifyThatBookFlightRequiresLogin(TestCase6_BookOneWayFlight.java:14)
at java.base/java.util.ArrayList.forEach(ArrayList.java:1540)
... Removed 32 stack frames]]>
    </failure>
  </testcase> <!-- verifyThatBookFlightRequiresLogin -->
  <testcase classname="tests.TestCase7_BookRoundTripFlight" name="verifyThatBookFlightRequiresLogin" time="0.01">
    <failure type="java.lang.NullPointerException">
      <![CDATA[java.lang.NullPointerException
at tests.TestCase1_HomePageVisible.verifyHomePageIsVisibleSuccessfully(TestCase1_HomePageVisible.java:15)
at tests.TestCase5_SearchRoundTripFlight.verifySearchFlightIsVisible(TestCase5_SearchRoundTripFlight.java:15)
at tests.TestCase7_BookRoundTripFlight.verifyThatBookFlightRequiresLogin(TestCase7_BookRoundTripFlight.java:14)
at java.base/java.util.ArrayList.forEach(ArrayList.java:1540)
... Removed 32 stack frames]]>
    </failure>
  </testcase> <!-- verifyThatBookFlightRequiresLogin -->
  <testcase classname="tests.TestCase8_VerifySupportPageTopics" name="verifyHelpTopics" time="0.0">
    <failure type="java.lang.NullPointerException">
      <![CDATA[java.lang.NullPointerException
at tests.TestCase1_HomePageVisible.verifyHomePageIsVisibleSuccessfully(TestCase1_HomePageVisible.java:15)
at tests.TestCase8_VerifySupportPageTopics.verifyHelpTopics(TestCase8_VerifySupportPageTopics.java:15)
at java.base/java.util.ArrayList.forEach(ArrayList.java:1540)
... Removed 32 stack frames]]>
    </failure>
  </testcase> <!-- verifyHelpTopics -->
  <testcase classname="tests.TestCase9_VerifySellerPageIsVisibleAndTitleIsAsExpected" name="verifyThatSellerPageIsVisible" time="0.0">
    <failure type="java.lang.NullPointerException">
      <![CDATA[java.lang.NullPointerException
at tests.TestCase1_HomePageVisible.verifyHomePageIsVisibleSuccessfully(TestCase1_HomePageVisible.java:15)
at tests.TestCase9_VerifySellerPageIsVisibleAndTitleIsAsExpected.verifyThatSellerPageIsVisible(TestCase9_VerifySellerPageIsVisibleAndTitleIsAsExpected.java:18)
at java.base/java.util.ArrayList.forEach(ArrayList.java:1540)
... Removed 32 stack frames]]>
    </failure>
  </testcase> <!-- verifyThatSellerPageIsVisible -->
  <testcase classname="utils.BaseTest" name="@BeforeSuite beforeSuiteSetup" time="0.0">
    <ignored/>
  </testcase> <!-- @BeforeSuite beforeSuiteSetup -->
  <testcase classname="utils.BaseTest" name="@BeforeSuite beforeSuiteSetup" time="0.0">
    <ignored/>
  </testcase> <!-- @BeforeSuite beforeSuiteSetup -->
  <testcase classname="utils.BaseTest" name="@BeforeSuite beforeSuiteSetup" time="0.0">
    <ignored/>
  </testcase> <!-- @BeforeSuite beforeSuiteSetup -->
  <testcase classname="utils.BaseTest" name="@BeforeSuite beforeSuiteSetup" time="0.0">
    <ignored/>
  </testcase> <!-- @BeforeSuite beforeSuiteSetup -->
  <testcase classname="utils.BaseTest" name="@BeforeSuite beforeSuiteSetup" time="0.0">
    <ignored/>
  </testcase> <!-- @BeforeSuite beforeSuiteSetup -->
  <testcase classname="utils.BaseTest" name="@BeforeSuite beforeSuiteSetup" time="0.0">
    <ignored/>
  </testcase> <!-- @BeforeSuite beforeSuiteSetup -->
  <testcase classname="utils.BaseTest" name="@BeforeSuite beforeSuiteSetup" time="0.0">
    <ignored/>
  </testcase> <!-- @BeforeSuite beforeSuiteSetup -->
  <testcase classname="utils.BaseTest" name="@BeforeSuite beforeSuiteSetup" time="0.0">
    <ignored/>
  </testcase> <!-- @BeforeSuite beforeSuiteSetup -->
  <testcase classname="utils.BaseTest" name="@BeforeSuite beforeSuiteSetup" time="0.0">
    <ignored/>
  </testcase> <!-- @BeforeSuite beforeSuiteSetup -->
  <testcase classname="utils.BaseTest" name="@BeforeSuite beforeSuiteSetup" time="0.0">
    <ignored/>
  </testcase> <!-- @BeforeSuite beforeSuiteSetup -->
  <testcase classname="utils.BaseTest" name="@BeforeSuite beforeSuiteSetup" time="0.0">
    <ignored/>
  </testcase> <!-- @BeforeSuite beforeSuiteSetup -->
  <testcase classname="utils.BaseTest" name="@BeforeSuite beforeSuiteSetup" time="0.0">
    <ignored/>
  </testcase> <!-- @BeforeSuite beforeSuiteSetup -->
  <testcase classname="utils.BaseTest" name="@BeforeSuite beforeSuiteSetup" time="0.0">
    <ignored/>
  </testcase> <!-- @BeforeSuite beforeSuiteSetup -->
  <testcase classname="utils.BaseTest" name="@BeforeSuite beforeSuiteSetup" time="0.0">
    <ignored/>
  </testcase> <!-- @BeforeSuite beforeSuiteSetup -->
  <testcase classname="utils.BaseTest" name="@BeforeSuite beforeSuiteSetup" time="0.0">
    <ignored/>
  </testcase> <!-- @BeforeSuite beforeSuiteSetup -->
  <testcase classname="utils.BaseTest" name="@BeforeSuite beforeSuiteSetup" time="0.0">
    <ignored/>
  </testcase> <!-- @BeforeSuite beforeSuiteSetup -->
  <testcase classname="utils.BaseTest" name="@BeforeSuite beforeSuiteSetup" time="0.0">
    <ignored/>
  </testcase> <!-- @BeforeSuite beforeSuiteSetup -->
  <testcase classname="utils.BaseTest" name="@BeforeSuite beforeSuiteSetup" time="0.0">
    <ignored/>
  </testcase> <!-- @BeforeSuite beforeSuiteSetup -->
</testsuite> <!-- Surefire test -->
