<?xml version="1.0" encoding="UTF-8"?>
<!-- Generated by org.testng.reporters.JUnitXMLReporter -->
<testsuite ignored="19" hostname="IN-580D5S3" failures="0" tests="14" name="Test" time="47.259" errors="0" timestamp="2024-06-17T02:35:42 IST">
  <testcase classname="tests.TestCase1_HomePageVisible" name="verifyHomePageIsVisibleSuccessfully" time="0.117"/>
  <testcase classname="tests.TestCase19_AddProductToCart" name="verifyHomePageIsVisibleSuccessfully" time="0.044"/>
  <testcase classname="tests.TestCase19_AddProductToCart" name="searchForProduct" time="3.504"/>
  <testcase classname="tests.TestCase19_AddProductToCart" name="verifyProductDetailsIsDisplayed" time="3.109"/>
  <testcase classname="tests.TestCase19_AddProductToCart" name="addProductToCart" time="0.214"/>
  <testcase classname="tests.TestCase19_AddProductToCart" name="verifyCartPageIsVisible" time="0.73"/>
  <testcase classname="tests.TestCase19_AddProductToCart" name="verifyProductIsAddedToCart" time="0.045"/>
  <testcase classname="tests.TestCase20_PlaceOrderForAddedProductInCart" name="verifyHomePageIsVisibleSuccessfully" time="0.031"/>
  <testcase classname="tests.TestCase20_PlaceOrderForAddedProductInCart" name="searchForProduct" time="3.822"/>
  <testcase classname="tests.TestCase20_PlaceOrderForAddedProductInCart" name="verifyProductDetailsIsDisplayed" time="2.729"/>
  <testcase classname="tests.TestCase20_PlaceOrderForAddedProductInCart" name="addProductToCart" time="0.216"/>
  <testcase classname="tests.TestCase20_PlaceOrderForAddedProductInCart" name="verifyCartPageIsVisible" time="0.762"/>
  <testcase classname="tests.TestCase20_PlaceOrderForAddedProductInCart" name="verifyProductIsAddedToCart" time="0.032"/>
  <testcase classname="tests.TestCase20_PlaceOrderForAddedProductInCart" name="placeOrder" time="2.398"/>
  <testcase classname="utils.BaseTest" name="@BeforeSuite beforeSuiteSetup" time="0.0">
    <ignored/>
  </testcase> <!-- @BeforeSuite beforeSuiteSetup -->
  <testcase classname="utils.BaseTest" name="@BeforeSuite beforeSuiteSetup" time="0.0">
    <ignored/>
  </testcase> <!-- @BeforeSuite beforeSuiteSetup -->
  <testcase classname="utils.BaseTest" name="@BeforeSuite beforeSuiteSetup" time="0.0">
    <ignored/>
  </testcase> <!-- @BeforeSuite beforeSuiteSetup -->
  <testcase classname="utils.BaseTest" name="@BeforeSuite beforeSuiteSetup" time="0.0">
    <ignored/>
  </testcase> <!-- @BeforeSuite beforeSuiteSetup -->
  <testcase classname="utils.BaseTest" name="@BeforeSuite beforeSuiteSetup" time="0.0">
    <ignored/>
  </testcase> <!-- @BeforeSuite beforeSuiteSetup -->
  <testcase classname="utils.BaseTest" name="@BeforeSuite beforeSuiteSetup" time="0.0">
    <ignored/>
  </testcase> <!-- @BeforeSuite beforeSuiteSetup -->
  <testcase classname="utils.BaseTest" name="@BeforeSuite beforeSuiteSetup" time="0.0">
    <ignored/>
  </testcase> <!-- @BeforeSuite beforeSuiteSetup -->
  <testcase classname="utils.BaseTest" name="@BeforeSuite beforeSuiteSetup" time="0.0">
    <ignored/>
  </testcase> <!-- @BeforeSuite beforeSuiteSetup -->
  <testcase classname="utils.BaseTest" name="@BeforeSuite beforeSuiteSetup" time="0.0">
    <ignored/>
  </testcase> <!-- @BeforeSuite beforeSuiteSetup -->
  <testcase classname="utils.BaseTest" name="@BeforeSuite beforeSuiteSetup" time="0.0">
    <ignored/>
  </testcase> <!-- @BeforeSuite beforeSuiteSetup -->
  <testcase classname="utils.BaseTest" name="@BeforeSuite beforeSuiteSetup" time="0.0">
    <ignored/>
  </testcase> <!-- @BeforeSuite beforeSuiteSetup -->
  <testcase classname="utils.BaseTest" name="@BeforeSuite beforeSuiteSetup" time="0.0">
    <ignored/>
  </testcase> <!-- @BeforeSuite beforeSuiteSetup -->
  <testcase classname="utils.BaseTest" name="@BeforeSuite beforeSuiteSetup" time="0.0">
    <ignored/>
  </testcase> <!-- @BeforeSuite beforeSuiteSetup -->
  <testcase classname="utils.BaseTest" name="@BeforeSuite beforeSuiteSetup" time="0.0">
    <ignored/>
  </testcase> <!-- @BeforeSuite beforeSuiteSetup -->
  <testcase classname="utils.BaseTest" name="@BeforeSuite beforeSuiteSetup" time="0.0">
    <ignored/>
  </testcase> <!-- @BeforeSuite beforeSuiteSetup -->
  <testcase classname="utils.BaseTest" name="@BeforeSuite beforeSuiteSetup" time="0.0">
    <ignored/>
  </testcase> <!-- @BeforeSuite beforeSuiteSetup -->
  <testcase classname="utils.BaseTest" name="@BeforeSuite beforeSuiteSetup" time="0.0">
    <ignored/>
  </testcase> <!-- @BeforeSuite beforeSuiteSetup -->
  <testcase classname="utils.BaseTest" name="@BeforeSuite beforeSuiteSetup" time="0.0">
    <ignored/>
  </testcase> <!-- @BeforeSuite beforeSuiteSetup -->
  <testcase classname="utils.BaseTest" name="@BeforeSuite beforeSuiteSetup" time="0.0">
    <ignored/>
  </testcase> <!-- @BeforeSuite beforeSuiteSetup -->
</testsuite> <!-- Test -->
