<?xml version="1.0" encoding="UTF-8"?>
<testsuite xmlns:xsi="http://www.w3.org/2001/XMLSchema-instance" xsi:noNamespaceSchemaLocation="https://maven.apache.org/surefire/maven-surefire-plugin/xsd/surefire-test-report-3.0.xsd" version="3.0" name="TestSuite" time="48.782" tests="14" errors="0" skipped="0" failures="0">
  <properties>
[...]
</properties>
  <testcase name="verifyHomePageIsVisibleSuccessfully" classname="tests.TestCase1_HomePageVisible" time="0.133">
    <system-out><![CDATA[2024-06-17 02:34:55 [main] INFO  utils.BaseTest - Setting up for test class: TestCase1_HomePageVisible
2024-06-17 02:35:03 [main] INFO  utils.BaseTest - Test setup complete for class: TestCase1_HomePageVisible
2024-06-17 02:35:03 [main] INFO  utils.BaseTest - Starting test case: verifyHomePageIsVisibleSuccessfully
2024-06-17 02:35:03 [main] INFO  utils.BaseTest - Verifying if the home page is visible
2024-06-17 02:35:03 [main] INFO  utils.BaseTest - Test passed: Home page is visible
]]></system-out>
    <system-err><![CDATA[SLF4J(W): No SLF4J providers were found.
SLF4J(W): Defaulting to no-operation (NOP) logger implementation
SLF4J(W): See https://www.slf4j.org/codes.html#noProviders for further details.
Jun 17, 2024 2:34:57 AM org.openqa.selenium.devtools.CdpVersionFinder findNearestMatch
WARNING: Unable to find an exact match for CDP version 125, returning the closest version; found: 124; Please update to a Selenium version that supports CDP version 125
]]></system-err>
  </testcase>
  <testcase name="verifyHomePageIsVisibleSuccessfully" classname="tests.TestCase19_AddProductToCart" time="0.044">
    <system-out><![CDATA[2024-06-17 02:35:04 [main] INFO  utils.BaseTest - Browser closed and resources released.
2024-06-17 02:35:05 [main] INFO  utils.BaseTest - Setting up for test class: TestCase19_AddProductToCart
2024-06-17 02:35:10 [main] INFO  utils.BaseTest - Test setup complete for class: TestCase19_AddProductToCart
2024-06-17 02:35:10 [main] INFO  utils.BaseTest - Stating test case : AddProductToCart
2024-06-17 02:35:10 [main] INFO  utils.BaseTest - Verifying home page is visible or not
2024-06-17 02:35:10 [main] INFO  utils.BaseTest - Test passed: Home page is visible
]]></system-out>
    <system-err><![CDATA[Jun 17, 2024 2:35:06 AM org.openqa.selenium.devtools.CdpVersionFinder findNearestMatch
WARNING: Unable to find an exact match for CDP version 125, returning the closest version; found: 124; Please update to a Selenium version that supports CDP version 125
]]></system-err>
  </testcase>
  <testcase name="searchForProduct[mobile](1)" classname="tests.TestCase19_AddProductToCart" time="3.504">
    <system-out><![CDATA[2024-06-17 02:35:10 [main] INFO  utils.BaseTest - Verifying search products are visible or not
2024-06-17 02:35:13 [main] INFO  utils.BaseTest - Searching for product: mobile
2024-06-17 02:35:13 [main] INFO  utils.BaseTest - Test case passed: Searched product mobile is visible
]]></system-out>
  </testcase>
  <testcase name="verifyProductDetailsIsDisplayed" classname="tests.TestCase19_AddProductToCart" time="3.094">
    <system-out><![CDATA[2024-06-17 02:35:14 [main] INFO  utils.BaseTest - Verifying product details are visible or not
2024-06-17 02:35:16 [main] INFO  utils.BaseTest - Test case passed: Product title displayed
2024-06-17 02:35:16 [main] INFO  utils.BaseTest - Test case passed: Product price displayed
]]></system-out>
  </testcase>
  <testcase name="addProductToCart" classname="tests.TestCase19_AddProductToCart" time="0.215"/>
  <testcase name="verifyCartPageIsVisible" classname="tests.TestCase19_AddProductToCart" time="0.73">
    <system-out><![CDATA[2024-06-17 02:35:17 [main] INFO  utils.BaseTest - Verifying cart page is visible or not
2024-06-17 02:35:17 [main] INFO  utils.BaseTest - Test passed: Cart page is visible
]]></system-out>
  </testcase>
  <testcase name="verifyProductIsAddedToCart" classname="tests.TestCase19_AddProductToCart" time="0.031">
    <system-out><![CDATA[2024-06-17 02:35:17 [main] INFO  utils.BaseTest - Verifying product added to cart or not
2024-06-17 02:35:17 [main] INFO  utils.BaseTest - Test passed: Product added to cart
]]></system-out>
  </testcase>
  <testcase name="verifyHomePageIsVisibleSuccessfully" classname="tests.TestCase20_PlaceOrderForAddedProductInCart" time="0.027">
    <system-out><![CDATA[2024-06-17 02:35:18 [main] INFO  utils.BaseTest - Browser closed and resources released.
2024-06-17 02:35:18 [main] INFO  utils.BaseTest - Setting up for test class: TestCase20_PlaceOrderForAddedProductInCart
2024-06-17 02:35:31 [main] INFO  utils.BaseTest - Test setup complete for class: TestCase20_PlaceOrderForAddedProductInCart
2024-06-17 02:35:31 [main] INFO  utils.BaseTest - Stating test case : PlaceOrderForAddedProductInCart
2024-06-17 02:35:31 [main] INFO  utils.BaseTest - Verifying home page is visible or not
2024-06-17 02:35:31 [main] INFO  utils.BaseTest - Test passed: Home page is visible
]]></system-out>
    <system-err><![CDATA[Jun 17, 2024 2:35:20 AM org.openqa.selenium.devtools.CdpVersionFinder findNearestMatch
WARNING: Unable to find an exact match for CDP version 125, returning the closest version; found: 124; Please update to a Selenium version that supports CDP version 125
]]></system-err>
  </testcase>
  <testcase name="searchForProduct[mobile](1)" classname="tests.TestCase20_PlaceOrderForAddedProductInCart" time="3.822">
    <system-out><![CDATA[2024-06-17 02:35:31 [main] INFO  utils.BaseTest - Verifying search products are visible or not
2024-06-17 02:35:35 [main] INFO  utils.BaseTest - Searching for product: mobile
2024-06-17 02:35:35 [main] INFO  utils.BaseTest - Test case passed: Searched product mobile is visible
]]></system-out>
  </testcase>
  <testcase name="verifyProductDetailsIsDisplayed" classname="tests.TestCase20_PlaceOrderForAddedProductInCart" time="2.729">
    <system-out><![CDATA[2024-06-17 02:35:35 [main] INFO  utils.BaseTest - Verifying product details are visible or not
2024-06-17 02:35:38 [main] INFO  utils.BaseTest - Test case passed: Product title displayed
2024-06-17 02:35:38 [main] INFO  utils.BaseTest - Test case passed: Product price displayed
]]></system-out>
  </testcase>
  <testcase name="addProductToCart" classname="tests.TestCase20_PlaceOrderForAddedProductInCart" time="0.216"/>
  <testcase name="verifyCartPageIsVisible" classname="tests.TestCase20_PlaceOrderForAddedProductInCart" time="0.762">
    <system-out><![CDATA[2024-06-17 02:35:38 [main] INFO  utils.BaseTest - Verifying cart page is visible or not
2024-06-17 02:35:39 [main] INFO  utils.BaseTest - Test passed: Cart page is visible
]]></system-out>
  </testcase>
  <testcase name="verifyProductIsAddedToCart" classname="tests.TestCase20_PlaceOrderForAddedProductInCart" time="0.032">
    <system-out><![CDATA[2024-06-17 02:35:39 [main] INFO  utils.BaseTest - Verifying product added to cart or not
2024-06-17 02:35:39 [main] INFO  utils.BaseTest - Test passed: Product added to cart
]]></system-out>
  </testcase>
  <testcase name="placeOrder" classname="tests.TestCase20_PlaceOrderForAddedProductInCart" time="2.398">
    <system-out><![CDATA[2024-06-17 02:35:39 [main] INFO  utils.BaseTest - Verifying product removed from cart
2024-06-17 02:35:41 [main] INFO  utils.BaseTest - Test passed: Details filling field visible
]]></system-out>
  </testcase>
</testsuite>