<?xml version="1.0" encoding="UTF-8"?>
<testng-results ignored="0" total="14" passed="14" failed="0" skipped="0">
  <reporter-output>
  </reporter-output>
  <suite started-at="2024-06-17T02:34:55 IST" name="Suite" finished-at="2024-06-17T02:35:42 IST" duration-ms="47259">
    <groups>
      <group name="visibility">
        <method signature="TestCase20_PlaceOrderForAddedProductInCart.verifyCartPageIsVisible()[pri:4, instance:tests.TestCase20_PlaceOrderForAddedProductInCart@314b8f2d]" name="verifyCartPageIsVisible" class="tests.TestCase20_PlaceOrderForAddedProductInCart"/>
        <method signature="TestCase20_PlaceOrderForAddedProductInCart.verifyProductIsAddedToCart()[pri:5, instance:tests.TestCase20_PlaceOrderForAddedProductInCart@314b8f2d]" name="verifyProductIsAddedToCart" class="tests.TestCase20_PlaceOrderForAddedProductInCart"/>
        <method signature="TestCase20_PlaceOrderForAddedProductInCart.placeOrder()[pri:6, instance:tests.TestCase20_PlaceOrderForAddedProductInCart@314b8f2d]" name="placeOrder" class="tests.TestCase20_PlaceOrderForAddedProductInCart"/>
      </group> <!-- visibility -->
      <group name="regression">
        <method signature="TestCase20_PlaceOrderForAddedProductInCart.verifyHomePageIsVisibleSuccessfully()[pri:0, instance:tests.TestCase20_PlaceOrderForAddedProductInCart@314b8f2d]" name="verifyHomePageIsVisibleSuccessfully" class="tests.TestCase20_PlaceOrderForAddedProductInCart"/>
        <method signature="TestCase20_PlaceOrderForAddedProductInCart.searchForProduct(java.lang.String)[pri:1, instance:tests.TestCase20_PlaceOrderForAddedProductInCart@314b8f2d]" name="searchForProduct" class="tests.TestCase20_PlaceOrderForAddedProductInCart"/>
        <method signature="TestCase20_PlaceOrderForAddedProductInCart.verifyProductDetailsIsDisplayed()[pri:2, instance:tests.TestCase20_PlaceOrderForAddedProductInCart@314b8f2d]" name="verifyProductDetailsIsDisplayed" class="tests.TestCase20_PlaceOrderForAddedProductInCart"/>
        <method signature="TestCase20_PlaceOrderForAddedProductInCart.addProductToCart()[pri:3, instance:tests.TestCase20_PlaceOrderForAddedProductInCart@314b8f2d]" name="addProductToCart" class="tests.TestCase20_PlaceOrderForAddedProductInCart"/>
        <method signature="TestCase20_PlaceOrderForAddedProductInCart.verifyCartPageIsVisible()[pri:4, instance:tests.TestCase20_PlaceOrderForAddedProductInCart@314b8f2d]" name="verifyCartPageIsVisible" class="tests.TestCase20_PlaceOrderForAddedProductInCart"/>
      </group> <!-- regression -->
      <group name="pageIsVisible">
        <method signature="TestCase19_AddProductToCart.verifyHomePageIsVisibleSuccessfully()[pri:0, instance:tests.TestCase19_AddProductToCart@285d851a]" name="verifyHomePageIsVisibleSuccessfully" class="tests.TestCase19_AddProductToCart"/>
        <method signature="TestCase19_AddProductToCart.searchForProduct(java.lang.String)[pri:1, instance:tests.TestCase19_AddProductToCart@285d851a]" name="searchForProduct" class="tests.TestCase19_AddProductToCart"/>
        <method signature="TestCase19_AddProductToCart.verifyProductDetailsIsDisplayed()[pri:2, instance:tests.TestCase19_AddProductToCart@285d851a]" name="verifyProductDetailsIsDisplayed" class="tests.TestCase19_AddProductToCart"/>
      </group> <!-- pageIsVisible -->
    </groups>
    <test started-at="2024-06-17T02:34:55 IST" name="Test" finished-at="2024-06-17T02:35:42 IST" duration-ms="47259">
      <class name="tests.TestCase1_HomePageVisible">
        <test-method is-config="true" signature="setUp()[pri:0, instance:tests.TestCase1_HomePageVisible@669513d8]" started-at="2024-06-17T02:34:55 IST" name="setUp" finished-at="2024-06-17T02:35:03 IST" duration-ms="7801" status="PASS">
          <reporter-output>
          </reporter-output>
        </test-method> <!-- setUp -->
        <test-method signature="verifyHomePageIsVisibleSuccessfully()[pri:0, instance:tests.TestCase1_HomePageVisible@669513d8]" started-at="2024-06-17T02:35:03 IST" name="verifyHomePageIsVisibleSuccessfully" finished-at="2024-06-17T02:35:03 IST" duration-ms="117" status="PASS">
          <reporter-output>
          </reporter-output>
        </test-method> <!-- verifyHomePageIsVisibleSuccessfully -->
        <test-method is-config="true" signature="afterMethod(org.testng.ITestResult)[pri:0, instance:tests.TestCase1_HomePageVisible@669513d8]" started-at="2024-06-17T02:35:03 IST" name="afterMethod" finished-at="2024-06-17T02:35:03 IST" duration-ms="13" status="PASS">
          <params>
            <param index="0">
              <value>
                <![CDATA[[TestResult name=verifyHomePageIsVisibleSuccessfully status=SUCCESS method=TestCase1_HomePageVisible.verifyHomePageIsVisibleSuccessfully()[pri:0, instance:tests.TestCase1_HomePageVisible@669513d8] output={null}]]]>
              </value>
            </param>
          </params>
          <reporter-output>
          </reporter-output>
        </test-method> <!-- afterMethod -->
        <test-method is-config="true" signature="tearDown()[pri:0, instance:tests.TestCase1_HomePageVisible@669513d8]" started-at="2024-06-17T02:35:03 IST" name="tearDown" finished-at="2024-06-17T02:35:05 IST" duration-ms="1530" status="PASS">
          <reporter-output>
          </reporter-output>
        </test-method> <!-- tearDown -->
      </class> <!-- tests.TestCase1_HomePageVisible -->
      <class name="tests.TestCase20_PlaceOrderForAddedProductInCart">
        <test-method is-config="true" signature="setUp()[pri:0, instance:tests.TestCase20_PlaceOrderForAddedProductInCart@314b8f2d]" started-at="2024-06-17T02:35:18 IST" name="setUp" finished-at="2024-06-17T02:35:31 IST" duration-ms="12608" status="PASS">
          <reporter-output>
          </reporter-output>
        </test-method> <!-- setUp -->
        <test-method signature="verifyHomePageIsVisibleSuccessfully()[pri:0, instance:tests.TestCase20_PlaceOrderForAddedProductInCart@314b8f2d]" started-at="2024-06-17T02:35:31 IST" name="verifyHomePageIsVisibleSuccessfully" finished-at="2024-06-17T02:35:31 IST" duration-ms="31" status="PASS">
          <reporter-output>
          </reporter-output>
        </test-method> <!-- verifyHomePageIsVisibleSuccessfully -->
        <test-method is-config="true" signature="afterMethod(org.testng.ITestResult)[pri:0, instance:tests.TestCase20_PlaceOrderForAddedProductInCart@314b8f2d]" started-at="2024-06-17T02:35:31 IST" name="afterMethod" finished-at="2024-06-17T02:35:31 IST" duration-ms="0" status="PASS">
          <params>
            <param index="0">
              <value>
                <![CDATA[[TestResult name=verifyHomePageIsVisibleSuccessfully status=SUCCESS method=TestCase20_PlaceOrderForAddedProductInCart.verifyHomePageIsVisibleSuccessfully()[pri:0, instance:tests.TestCase20_PlaceOrderForAddedProductInCart@314b8f2d] output={null}]]]>
              </value>
            </param>
          </params>
          <reporter-output>
          </reporter-output>
        </test-method> <!-- afterMethod -->
        <test-method signature="searchForProduct(java.lang.String)[pri:1, instance:tests.TestCase20_PlaceOrderForAddedProductInCart@314b8f2d]" started-at="2024-06-17T02:35:31 IST" name="searchForProduct" data-provider="testdata" finished-at="2024-06-17T02:35:35 IST" duration-ms="3822" status="PASS">
          <params>
            <param index="0">
              <value>
                <![CDATA[mobile]]>
              </value>
            </param>
          </params>
          <reporter-output>
          </reporter-output>
        </test-method> <!-- searchForProduct -->
        <test-method signature="verifyProductDetailsIsDisplayed()[pri:2, instance:tests.TestCase20_PlaceOrderForAddedProductInCart@314b8f2d]" started-at="2024-06-17T02:35:35 IST" name="verifyProductDetailsIsDisplayed" finished-at="2024-06-17T02:35:38 IST" duration-ms="2729" status="PASS">
          <reporter-output>
          </reporter-output>
        </test-method> <!-- verifyProductDetailsIsDisplayed -->
        <test-method is-config="true" signature="afterMethod(org.testng.ITestResult)[pri:0, instance:tests.TestCase20_PlaceOrderForAddedProductInCart@314b8f2d]" started-at="2024-06-17T02:35:35 IST" name="afterMethod" finished-at="2024-06-17T02:35:35 IST" duration-ms="0" status="PASS">
          <params>
            <param index="0">
              <value>
                <![CDATA[[TestResult name=searchForProduct status=SUCCESS method=TestCase20_PlaceOrderForAddedProductInCart.searchForProduct(java.lang.String)[pri:1, instance:tests.TestCase20_PlaceOrderForAddedProductInCart@314b8f2d] output={null}]]]>
              </value>
            </param>
          </params>
          <reporter-output>
          </reporter-output>
        </test-method> <!-- afterMethod -->
        <test-method signature="addProductToCart()[pri:3, instance:tests.TestCase20_PlaceOrderForAddedProductInCart@314b8f2d]" started-at="2024-06-17T02:35:38 IST" name="addProductToCart" finished-at="2024-06-17T02:35:38 IST" duration-ms="216" status="PASS">
          <reporter-output>
          </reporter-output>
        </test-method> <!-- addProductToCart -->
        <test-method is-config="true" signature="afterMethod(org.testng.ITestResult)[pri:0, instance:tests.TestCase20_PlaceOrderForAddedProductInCart@314b8f2d]" started-at="2024-06-17T02:35:38 IST" name="afterMethod" finished-at="2024-06-17T02:35:38 IST" duration-ms="0" status="PASS">
          <params>
            <param index="0">
              <value>
                <![CDATA[[TestResult name=verifyProductDetailsIsDisplayed status=SUCCESS method=TestCase20_PlaceOrderForAddedProductInCart.verifyProductDetailsIsDisplayed()[pri:2, instance:tests.TestCase20_PlaceOrderForAddedProductInCart@314b8f2d] output={null}]]]>
              </value>
            </param>
          </params>
          <reporter-output>
          </reporter-output>
        </test-method> <!-- afterMethod -->
        <test-method signature="verifyCartPageIsVisible()[pri:4, instance:tests.TestCase20_PlaceOrderForAddedProductInCart@314b8f2d]" started-at="2024-06-17T02:35:38 IST" name="verifyCartPageIsVisible" finished-at="2024-06-17T02:35:39 IST" duration-ms="762" status="PASS">
          <reporter-output>
          </reporter-output>
        </test-method> <!-- verifyCartPageIsVisible -->
        <test-method is-config="true" signature="afterMethod(org.testng.ITestResult)[pri:0, instance:tests.TestCase20_PlaceOrderForAddedProductInCart@314b8f2d]" started-at="2024-06-17T02:35:38 IST" name="afterMethod" finished-at="2024-06-17T02:35:38 IST" duration-ms="0" status="PASS">
          <params>
            <param index="0">
              <value>
                <![CDATA[[TestResult name=addProductToCart status=SUCCESS method=TestCase20_PlaceOrderForAddedProductInCart.addProductToCart()[pri:3, instance:tests.TestCase20_PlaceOrderForAddedProductInCart@314b8f2d] output={null}]]]>
              </value>
            </param>
          </params>
          <reporter-output>
          </reporter-output>
        </test-method> <!-- afterMethod -->
        <test-method signature="verifyProductIsAddedToCart()[pri:5, instance:tests.TestCase20_PlaceOrderForAddedProductInCart@314b8f2d]" started-at="2024-06-17T02:35:39 IST" name="verifyProductIsAddedToCart" finished-at="2024-06-17T02:35:39 IST" duration-ms="32" status="PASS">
          <reporter-output>
          </reporter-output>
        </test-method> <!-- verifyProductIsAddedToCart -->
        <test-method is-config="true" signature="afterMethod(org.testng.ITestResult)[pri:0, instance:tests.TestCase20_PlaceOrderForAddedProductInCart@314b8f2d]" started-at="2024-06-17T02:35:39 IST" name="afterMethod" finished-at="2024-06-17T02:35:39 IST" duration-ms="0" status="PASS">
          <params>
            <param index="0">
              <value>
                <![CDATA[[TestResult name=verifyCartPageIsVisible status=SUCCESS method=TestCase20_PlaceOrderForAddedProductInCart.verifyCartPageIsVisible()[pri:4, instance:tests.TestCase20_PlaceOrderForAddedProductInCart@314b8f2d] output={null}]]]>
              </value>
            </param>
          </params>
          <reporter-output>
          </reporter-output>
        </test-method> <!-- afterMethod -->
        <test-method is-config="true" signature="afterMethod(org.testng.ITestResult)[pri:0, instance:tests.TestCase20_PlaceOrderForAddedProductInCart@314b8f2d]" started-at="2024-06-17T02:35:39 IST" name="afterMethod" finished-at="2024-06-17T02:35:39 IST" duration-ms="0" status="PASS">
          <params>
            <param index="0">
              <value>
                <![CDATA[[TestResult name=verifyProductIsAddedToCart status=SUCCESS method=TestCase20_PlaceOrderForAddedProductInCart.verifyProductIsAddedToCart()[pri:5, instance:tests.TestCase20_PlaceOrderForAddedProductInCart@314b8f2d] output={null}]]]>
              </value>
            </param>
          </params>
          <reporter-output>
          </reporter-output>
        </test-method> <!-- afterMethod -->
        <test-method signature="placeOrder()[pri:6, instance:tests.TestCase20_PlaceOrderForAddedProductInCart@314b8f2d]" started-at="2024-06-17T02:35:39 IST" name="placeOrder" finished-at="2024-06-17T02:35:41 IST" duration-ms="2398" status="PASS">
          <reporter-output>
          </reporter-output>
        </test-method> <!-- placeOrder -->
        <test-method is-config="true" signature="afterMethod(org.testng.ITestResult)[pri:0, instance:tests.TestCase20_PlaceOrderForAddedProductInCart@314b8f2d]" started-at="2024-06-17T02:35:41 IST" name="afterMethod" finished-at="2024-06-17T02:35:41 IST" duration-ms="2" status="PASS">
          <params>
            <param index="0">
              <value>
                <![CDATA[[TestResult name=placeOrder status=SUCCESS method=TestCase20_PlaceOrderForAddedProductInCart.placeOrder()[pri:6, instance:tests.TestCase20_PlaceOrderForAddedProductInCart@314b8f2d] output={null}]]]>
              </value>
            </param>
          </params>
          <reporter-output>
          </reporter-output>
        </test-method> <!-- afterMethod -->
        <test-method is-config="true" signature="tearDown()[pri:0, instance:tests.TestCase20_PlaceOrderForAddedProductInCart@314b8f2d]" started-at="2024-06-17T02:35:41 IST" name="tearDown" finished-at="2024-06-17T02:35:42 IST" duration-ms="890" status="PASS">
          <reporter-output>
          </reporter-output>
        </test-method> <!-- tearDown -->
      </class> <!-- tests.TestCase20_PlaceOrderForAddedProductInCart -->
      <class name="tests.TestCase12_VerifyTermsAndConditionPageTitle">
        <test-method is-config="true" signature="beforeSuiteSetup()[pri:0, instance:tests.TestCase12_VerifyTermsAndConditionPageTitle@64bc21ac]" started-at="2024-06-17T02:34:55 IST" name="beforeSuiteSetup" finished-at="2024-06-17T02:34:55 IST" duration-ms="172" status="PASS">
          <reporter-output>
          </reporter-output>
        </test-method> <!-- beforeSuiteSetup -->
      </class> <!-- tests.TestCase12_VerifyTermsAndConditionPageTitle -->
      <class name="tests.TestCase19_AddProductToCart">
        <test-method is-config="true" signature="setUp()[pri:0, instance:tests.TestCase19_AddProductToCart@285d851a]" started-at="2024-06-17T02:35:05 IST" name="setUp" finished-at="2024-06-17T02:35:10 IST" duration-ms="4889" status="PASS">
          <reporter-output>
          </reporter-output>
        </test-method> <!-- setUp -->
        <test-method signature="verifyHomePageIsVisibleSuccessfully()[pri:0, instance:tests.TestCase19_AddProductToCart@285d851a]" started-at="2024-06-17T02:35:10 IST" name="verifyHomePageIsVisibleSuccessfully" finished-at="2024-06-17T02:35:10 IST" duration-ms="44" status="PASS">
          <reporter-output>
          </reporter-output>
        </test-method> <!-- verifyHomePageIsVisibleSuccessfully -->
        <test-method is-config="true" signature="afterMethod(org.testng.ITestResult)[pri:0, instance:tests.TestCase19_AddProductToCart@285d851a]" started-at="2024-06-17T02:35:10 IST" name="afterMethod" finished-at="2024-06-17T02:35:10 IST" duration-ms="0" status="PASS">
          <params>
            <param index="0">
              <value>
                <![CDATA[[TestResult name=verifyHomePageIsVisibleSuccessfully status=SUCCESS method=TestCase19_AddProductToCart.verifyHomePageIsVisibleSuccessfully()[pri:0, instance:tests.TestCase19_AddProductToCart@285d851a] output={null}]]]>
              </value>
            </param>
          </params>
          <reporter-output>
          </reporter-output>
        </test-method> <!-- afterMethod -->
        <test-method signature="searchForProduct(java.lang.String)[pri:1, instance:tests.TestCase19_AddProductToCart@285d851a]" started-at="2024-06-17T02:35:10 IST" name="searchForProduct" data-provider="testdata" finished-at="2024-06-17T02:35:13 IST" duration-ms="3504" status="PASS">
          <params>
            <param index="0">
              <value>
                <![CDATA[mobile]]>
              </value>
            </param>
          </params>
          <reporter-output>
          </reporter-output>
        </test-method> <!-- searchForProduct -->
        <test-method signature="verifyProductDetailsIsDisplayed()[pri:2, instance:tests.TestCase19_AddProductToCart@285d851a]" started-at="2024-06-17T02:35:13 IST" name="verifyProductDetailsIsDisplayed" finished-at="2024-06-17T02:35:16 IST" duration-ms="3109" status="PASS">
          <reporter-output>
          </reporter-output>
        </test-method> <!-- verifyProductDetailsIsDisplayed -->
        <test-method is-config="true" signature="afterMethod(org.testng.ITestResult)[pri:0, instance:tests.TestCase19_AddProductToCart@285d851a]" started-at="2024-06-17T02:35:13 IST" name="afterMethod" finished-at="2024-06-17T02:35:13 IST" duration-ms="0" status="PASS">
          <params>
            <param index="0">
              <value>
                <![CDATA[[TestResult name=searchForProduct status=SUCCESS method=TestCase19_AddProductToCart.searchForProduct(java.lang.String)[pri:1, instance:tests.TestCase19_AddProductToCart@285d851a] output={null}]]]>
              </value>
            </param>
          </params>
          <reporter-output>
          </reporter-output>
        </test-method> <!-- afterMethod -->
        <test-method is-config="true" signature="afterMethod(org.testng.ITestResult)[pri:0, instance:tests.TestCase19_AddProductToCart@285d851a]" started-at="2024-06-17T02:35:16 IST" name="afterMethod" finished-at="2024-06-17T02:35:16 IST" duration-ms="1" status="PASS">
          <params>
            <param index="0">
              <value>
                <![CDATA[[TestResult name=verifyProductDetailsIsDisplayed status=SUCCESS method=TestCase19_AddProductToCart.verifyProductDetailsIsDisplayed()[pri:2, instance:tests.TestCase19_AddProductToCart@285d851a] output={null}]]]>
              </value>
            </param>
          </params>
          <reporter-output>
          </reporter-output>
        </test-method> <!-- afterMethod -->
        <test-method signature="addProductToCart()[pri:3, instance:tests.TestCase19_AddProductToCart@285d851a]" started-at="2024-06-17T02:35:16 IST" name="addProductToCart" finished-at="2024-06-17T02:35:17 IST" duration-ms="214" status="PASS">
          <reporter-output>
          </reporter-output>
        </test-method> <!-- addProductToCart -->
        <test-method is-config="true" signature="afterMethod(org.testng.ITestResult)[pri:0, instance:tests.TestCase19_AddProductToCart@285d851a]" started-at="2024-06-17T02:35:17 IST" name="afterMethod" finished-at="2024-06-17T02:35:17 IST" duration-ms="1" status="PASS">
          <params>
            <param index="0">
              <value>
                <![CDATA[[TestResult name=addProductToCart status=SUCCESS method=TestCase19_AddProductToCart.addProductToCart()[pri:3, instance:tests.TestCase19_AddProductToCart@285d851a] output={null}]]]>
              </value>
            </param>
          </params>
          <reporter-output>
          </reporter-output>
        </test-method> <!-- afterMethod -->
        <test-method signature="verifyCartPageIsVisible()[pri:4, instance:tests.TestCase19_AddProductToCart@285d851a]" started-at="2024-06-17T02:35:17 IST" name="verifyCartPageIsVisible" finished-at="2024-06-17T02:35:17 IST" duration-ms="730" status="PASS">
          <reporter-output>
          </reporter-output>
        </test-method> <!-- verifyCartPageIsVisible -->
        <test-method signature="verifyProductIsAddedToCart()[pri:5, instance:tests.TestCase19_AddProductToCart@285d851a]" started-at="2024-06-17T02:35:17 IST" name="verifyProductIsAddedToCart" finished-at="2024-06-17T02:35:17 IST" duration-ms="45" status="PASS">
          <reporter-output>
          </reporter-output>
        </test-method> <!-- verifyProductIsAddedToCart -->
        <test-method is-config="true" signature="afterMethod(org.testng.ITestResult)[pri:0, instance:tests.TestCase19_AddProductToCart@285d851a]" started-at="2024-06-17T02:35:17 IST" name="afterMethod" finished-at="2024-06-17T02:35:17 IST" duration-ms="0" status="PASS">
          <params>
            <param index="0">
              <value>
                <![CDATA[[TestResult name=verifyCartPageIsVisible status=SUCCESS method=TestCase19_AddProductToCart.verifyCartPageIsVisible()[pri:4, instance:tests.TestCase19_AddProductToCart@285d851a] output={null}]]]>
              </value>
            </param>
          </params>
          <reporter-output>
          </reporter-output>
        </test-method> <!-- afterMethod -->
        <test-method is-config="true" signature="tearDown()[pri:0, instance:tests.TestCase19_AddProductToCart@285d851a]" started-at="2024-06-17T02:35:17 IST" name="tearDown" finished-at="2024-06-17T02:35:18 IST" duration-ms="995" status="PASS">
          <reporter-output>
          </reporter-output>
        </test-method> <!-- tearDown -->
        <test-method is-config="true" signature="afterMethod(org.testng.ITestResult)[pri:0, instance:tests.TestCase19_AddProductToCart@285d851a]" started-at="2024-06-17T02:35:17 IST" name="afterMethod" finished-at="2024-06-17T02:35:17 IST" duration-ms="0" status="PASS">
          <params>
            <param index="0">
              <value>
                <![CDATA[[TestResult name=verifyProductIsAddedToCart status=SUCCESS method=TestCase19_AddProductToCart.verifyProductIsAddedToCart()[pri:5, instance:tests.TestCase19_AddProductToCart@285d851a] output={null}]]]>
              </value>
            </param>
          </params>
          <reporter-output>
          </reporter-output>
        </test-method> <!-- afterMethod -->
      </class> <!-- tests.TestCase19_AddProductToCart -->
    </test> <!-- Test -->
  </suite> <!-- Suite -->
</testng-results>
