<?xml version="1.0" encoding="UTF-8"?>
<testng-results ignored="0" total="1" passed="1" failed="0" skipped="0">
  <reporter-output>
  </reporter-output>
  <suite started-at="2024-06-17T01:26:39 IST" name="Default suite" finished-at="2024-06-17T01:26:48 IST" duration-ms="9831">
    <groups>
    </groups>
    <test started-at="2024-06-17T01:26:39 IST" name="Default test" finished-at="2024-06-17T01:26:48 IST" duration-ms="9831">
      <class name="tests.TestCase1_HomePageVisible">
        <test-method is-config="true" signature="beforeSuiteSetup()[pri:0, instance:tests.TestCase1_HomePageVisible@724f138e]" started-at="2024-06-17T01:26:38 IST" name="beforeSuiteSetup" finished-at="2024-06-17T01:26:39 IST" duration-ms="162" status="PASS">
          <reporter-output>
          </reporter-output>
        </test-method> <!-- beforeSuiteSetup -->
        <test-method is-config="true" signature="setUp()[pri:0, instance:tests.TestCase1_HomePageVisible@724f138e]" started-at="2024-06-17T01:26:39 IST" name="setUp" finished-at="2024-06-17T01:26:47 IST" duration-ms="8499" status="PASS">
          <reporter-output>
          </reporter-output>
        </test-method> <!-- setUp -->
        <test-method signature="verifyHomePageIsVisibleSuccessfully()[pri:0, instance:tests.TestCase1_HomePageVisible@724f138e]" started-at="2024-06-17T01:26:47 IST" name="verifyHomePageIsVisibleSuccessfully" finished-at="2024-06-17T01:26:47 IST" duration-ms="111" status="PASS">
          <reporter-output>
          </reporter-output>
        </test-method> <!-- verifyHomePageIsVisibleSuccessfully -->
        <test-method is-config="true" signature="tearDown()[pri:0, instance:tests.TestCase1_HomePageVisible@724f138e]" started-at="2024-06-17T01:26:47 IST" name="tearDown" finished-at="2024-06-17T01:26:48 IST" duration-ms="1162" status="PASS">
          <reporter-output>
          </reporter-output>
        </test-method> <!-- tearDown -->
        <test-method is-config="true" signature="afterMethod(org.testng.ITestResult)[pri:0, instance:tests.TestCase1_HomePageVisible@724f138e]" started-at="2024-06-17T01:26:47 IST" name="afterMethod" finished-at="2024-06-17T01:26:47 IST" duration-ms="0" status="PASS">
          <params>
            <param index="0">
              <value>
                <![CDATA[[TestResult name=verifyHomePageIsVisibleSuccessfully status=SUCCESS method=TestCase1_HomePageVisible.verifyHomePageIsVisibleSuccessfully()[pri:0, instance:tests.TestCase1_HomePageVisible@724f138e] output={null}]]]>
              </value>
            </param>
          </params>
          <reporter-output>
          </reporter-output>
        </test-method> <!-- afterMethod -->
      </class> <!-- tests.TestCase1_HomePageVisible -->
    </test> <!-- Default test -->
  </suite> <!-- Default suite -->
</testng-results>
